<?xml version="1.0" encoding="UTF-8"?>
<testsuite name="com.example.project.TestUser" tests="2" skipped="0" failures="0" errors="0" timestamp="2025-01-15T14:24:44" hostname="codespaces-d1d3b0" time="0.157">
  <properties/>
  <testcase name="testUserConstructor()" classname="com.example.project.TestUser" time="0.144"/>
  <testcase name="testUserInfo()" classname="com.example.project.TestUser" time="0.008"/>
  <system-out><![CDATA[]]></system-out>
  <system-err><![CDATA[]]></system-err>
</testsuite>
