<?xml version="1.0" encoding="UTF-8"?>
<testsuite name="com.example.project.TestBook" tests="3" skipped="0" failures="0" errors="0" timestamp="2025-01-15T14:24:44" hostname="codespaces-d1d3b0" time="0.168">
  <properties/>
  <testcase name="testBookInfo()" classname="com.example.project.TestBook" time="0.122"/>
  <testcase name="testBookConstructor()" classname="com.example.project.TestBook" time="0.007"/>
  <testcase name="testSetters()" classname="com.example.project.TestBook" time="0.002"/>
  <system-out><![CDATA[]]></system-out>
  <system-err><![CDATA[]]></system-err>
</testsuite>
